[19:32:25] [Client thread/INFO]: Setting user: Player478
[19:32:32] [Client thread/INFO]: LWJGL Version: 2.9.1
[19:32:52] [Client thread/INFO]: Reloading ResourceManager: Default, FMLFileResourcePack:Forge Mod Loader, FMLFileResourcePack:Minecraft Forge, FMLFileResourcePack:My First Mod
[19:32:55] [Sound Library Loader/INFO]: Starting up SoundSystem...
[19:32:55] [Thread-9/INFO]: Initializing LWJGL OpenAL
[19:32:55] [Thread-9/INFO]: (The LWJGL binding of OpenAL.  For more information, see http://www.lwjgl.org)
[19:32:57] [Thread-9/INFO]: OpenAL initialized.
[19:32:57] [Sound Library Loader/INFO]: Sound engine started
[19:33:15] [Client thread/INFO]: Created: 512x512 textures-atlas
[19:33:19] [Client thread/INFO]: Reloading ResourceManager: Default, FMLFileResourcePack:Forge Mod Loader, FMLFileResourcePack:Minecraft Forge, FMLFileResourcePack:My First Mod
[19:33:20] [Client thread/INFO]: SoundSystem shutting down...
[19:33:20] [Client thread/WARN]: Author: Paul Lamb, www.paulscode.com
[19:33:20] [Sound Library Loader/INFO]: Starting up SoundSystem...
[19:33:20] [Thread-11/INFO]: Initializing LWJGL OpenAL
[19:33:20] [Thread-11/INFO]: (The LWJGL binding of OpenAL.  For more information, see http://www.lwjgl.org)
[19:33:23] [Thread-11/INFO]: OpenAL initialized.
[19:33:23] [Sound Library Loader/INFO]: Sound engine started
[19:33:39] [Client thread/INFO]: Created: 512x512 textures-atlas
[19:33:42] [Client thread/ERROR]: ########## GL ERROR ##########
[19:33:42] [Client thread/ERROR]: @ Post startup
[19:33:42] [Client thread/ERROR]: 1286: Invalid framebuffer operation
[19:34:06] [Client thread/INFO]: Stopping!
[19:34:06] [Client thread/INFO]: SoundSystem shutting down...
[19:34:06] [Client thread/WARN]: Author: Paul Lamb, www.paulscode.com
